[1.160s] Invoking command in '/home/david/tesis/superdev_ws/src/my_super_agv': PYTHONPATH=/home/david/tesis/superdev_ws/src/my_super_agv/build/my_super_agv/prefix_override:/home/david/tesis/superdev_ws/src/my_super_agv/install/my_super_agv/lib/python3.10/site-packages:${PYTHONPATH} /usr/bin/python3 -W ignore:setup.py install is deprecated setup.py egg_info --egg-base build/my_super_agv build --build-base /home/david/tesis/superdev_ws/src/my_super_agv/build/my_super_agv/build install --record /home/david/tesis/superdev_ws/src/my_super_agv/build/my_super_agv/install.log --single-version-externally-managed install_data
[1.553s] running egg_info
[1.554s] writing build/my_super_agv/my_super_agv.egg-info/PKG-INFO
[1.555s] writing dependency_links to build/my_super_agv/my_super_agv.egg-info/dependency_links.txt
[1.555s] writing entry points to build/my_super_agv/my_super_agv.egg-info/entry_points.txt
[1.556s] writing requirements to build/my_super_agv/my_super_agv.egg-info/requires.txt
[1.556s] writing top-level names to build/my_super_agv/my_super_agv.egg-info/top_level.txt
[1.561s] reading manifest file 'build/my_super_agv/my_super_agv.egg-info/SOURCES.txt'
[1.561s] adding license file 'LICENSE'
[1.562s] writing manifest file 'build/my_super_agv/my_super_agv.egg-info/SOURCES.txt'
[1.563s] running build
[1.563s] running build_py
[1.563s] copying my_super_agv/teleop_fix.py -> /home/david/tesis/superdev_ws/src/my_super_agv/build/my_super_agv/build/lib/my_super_agv
[1.564s] running install
[1.564s] running install_lib
[1.566s] copying /home/david/tesis/superdev_ws/src/my_super_agv/build/my_super_agv/build/lib/my_super_agv/teleop_fix.py -> /home/david/tesis/superdev_ws/src/my_super_agv/install/my_super_agv/lib/python3.10/site-packages/my_super_agv
[1.567s] byte-compiling /home/david/tesis/superdev_ws/src/my_super_agv/install/my_super_agv/lib/python3.10/site-packages/my_super_agv/teleop_fix.py to teleop_fix.cpython-310.pyc
[1.569s] running install_data
[1.569s] copying package.xml -> /home/david/tesis/superdev_ws/src/my_super_agv/install/my_super_agv/share/my_super_agv
[1.570s] running install_egg_info
[1.572s] removing '/home/david/tesis/superdev_ws/src/my_super_agv/install/my_super_agv/lib/python3.10/site-packages/my_super_agv-0.0.0-py3.10.egg-info' (and everything under it)
[1.572s] Copying build/my_super_agv/my_super_agv.egg-info to /home/david/tesis/superdev_ws/src/my_super_agv/install/my_super_agv/lib/python3.10/site-packages/my_super_agv-0.0.0-py3.10.egg-info
[1.573s] running install_scripts
[1.601s] Installing teleop script to /home/david/tesis/superdev_ws/src/my_super_agv/install/my_super_agv/lib/my_super_agv
[1.601s] Installing teleop_fix script to /home/david/tesis/superdev_ws/src/my_super_agv/install/my_super_agv/lib/my_super_agv
[1.602s] writing list of installed files to '/home/david/tesis/superdev_ws/src/my_super_agv/build/my_super_agv/install.log'
[1.657s] Invoked command in '/home/david/tesis/superdev_ws/src/my_super_agv' returned '0': PYTHONPATH=/home/david/tesis/superdev_ws/src/my_super_agv/build/my_super_agv/prefix_override:/home/david/tesis/superdev_ws/src/my_super_agv/install/my_super_agv/lib/python3.10/site-packages:${PYTHONPATH} /usr/bin/python3 -W ignore:setup.py install is deprecated setup.py egg_info --egg-base build/my_super_agv build --build-base /home/david/tesis/superdev_ws/src/my_super_agv/build/my_super_agv/build install --record /home/david/tesis/superdev_ws/src/my_super_agv/build/my_super_agv/install.log --single-version-externally-managed install_data
