[0.974s] Invoking command in '/home/david/tesis/superdev_ws/src/my_super_agv': PYTHONPATH=/home/david/tesis/superdev_ws/src/my_super_agv/build/my_super_agv/prefix_override:/home/david/tesis/superdev_ws/src/my_super_agv/install/my_super_agv/lib/python3.10/site-packages:${PYTHONPATH} /usr/bin/python3 -W ignore:setup.py install is deprecated setup.py egg_info --egg-base build/my_super_agv build --build-base /home/david/tesis/superdev_ws/src/my_super_agv/build/my_super_agv/build install --record /home/david/tesis/superdev_ws/src/my_super_agv/build/my_super_agv/install.log --single-version-externally-managed install_data
[1.329s] running egg_info
[1.329s] writing build/my_super_agv/my_super_agv.egg-info/PKG-INFO
[1.330s] writing dependency_links to build/my_super_agv/my_super_agv.egg-info/dependency_links.txt
[1.330s] writing entry points to build/my_super_agv/my_super_agv.egg-info/entry_points.txt
[1.330s] writing requirements to build/my_super_agv/my_super_agv.egg-info/requires.txt
[1.330s] writing top-level names to build/my_super_agv/my_super_agv.egg-info/top_level.txt
[1.333s] reading manifest file 'build/my_super_agv/my_super_agv.egg-info/SOURCES.txt'
[1.333s] adding license file 'LICENSE'
[1.334s] writing manifest file 'build/my_super_agv/my_super_agv.egg-info/SOURCES.txt'
[1.334s] running build
[1.334s] running build_py
[1.335s] copying my_super_agv/teleop_fix.py -> /home/david/tesis/superdev_ws/src/my_super_agv/build/my_super_agv/build/lib/my_super_agv
[1.335s] running install
[1.335s] running install_lib
[1.336s] copying /home/david/tesis/superdev_ws/src/my_super_agv/build/my_super_agv/build/lib/my_super_agv/teleop_fix.py -> /home/david/tesis/superdev_ws/src/my_super_agv/install/my_super_agv/lib/python3.10/site-packages/my_super_agv
[1.337s] byte-compiling /home/david/tesis/superdev_ws/src/my_super_agv/install/my_super_agv/lib/python3.10/site-packages/my_super_agv/teleop_fix.py to teleop_fix.cpython-310.pyc
[1.338s] running install_data
[1.339s] running install_egg_info
[1.341s] removing '/home/david/tesis/superdev_ws/src/my_super_agv/install/my_super_agv/lib/python3.10/site-packages/my_super_agv-0.0.0-py3.10.egg-info' (and everything under it)
[1.341s] Copying build/my_super_agv/my_super_agv.egg-info to /home/david/tesis/superdev_ws/src/my_super_agv/install/my_super_agv/lib/python3.10/site-packages/my_super_agv-0.0.0-py3.10.egg-info
[1.343s] running install_scripts
[1.377s] Installing teleop=my_super_agv.teleop:mainteleop_fix script to /home/david/tesis/superdev_ws/src/my_super_agv/install/my_super_agv/lib/my_super_agv
[1.378s] writing list of installed files to '/home/david/tesis/superdev_ws/src/my_super_agv/build/my_super_agv/install.log'
[1.427s] Invoked command in '/home/david/tesis/superdev_ws/src/my_super_agv' returned '0': PYTHONPATH=/home/david/tesis/superdev_ws/src/my_super_agv/build/my_super_agv/prefix_override:/home/david/tesis/superdev_ws/src/my_super_agv/install/my_super_agv/lib/python3.10/site-packages:${PYTHONPATH} /usr/bin/python3 -W ignore:setup.py install is deprecated setup.py egg_info --egg-base build/my_super_agv build --build-base /home/david/tesis/superdev_ws/src/my_super_agv/build/my_super_agv/build install --record /home/david/tesis/superdev_ws/src/my_super_agv/build/my_super_agv/install.log --single-version-externally-managed install_data
