[0.767s] DEBUG:colcon:Command line arguments: ['/usr/bin/colcon', 'build']
[0.767s] DEBUG:colcon:Parsed command line arguments: Namespace(log_base=None, log_level=None, verb_name='build', build_base='build', install_base='install', merge_install=False, symlink_install=False, test_result_base=None, continue_on_error=False, executor='parallel', parallel_workers=8, event_handlers=None, ignore_user_meta=False, metas=['./colcon.meta'], base_paths=['.'], packages_ignore=None, packages_ignore_regex=None, paths=None, packages_up_to=None, packages_up_to_regex=None, packages_above=None, packages_above_and_dependencies=None, packages_above_depth=None, packages_select_by_dep=None, packages_skip_by_dep=None, packages_skip_up_to=None, packages_select_build_failed=False, packages_skip_build_finished=False, packages_select_test_failures=False, packages_skip_test_passed=False, packages_select=None, packages_skip=None, packages_select_regex=None, packages_skip_regex=None, packages_start=None, packages_end=None, allow_overriding=[], cmake_args=None, cmake_target=None, cmake_target_skip_unavailable=False, cmake_clean_cache=False, cmake_clean_first=False, cmake_force_configure=False, ament_cmake_args=None, catkin_cmake_args=None, catkin_skip_building_tests=False, verb_parser=<colcon_defaults.argument_parser.defaults.DefaultArgumentsDecorator object at 0x7de4de9394e0>, verb_extension=<colcon_core.verb.build.BuildVerb object at 0x7de4de938e20>, main=<bound method BuildVerb.main of <colcon_core.verb.build.BuildVerb object at 0x7de4de938e20>>)
[1.962s] Level 1:colcon.colcon_core.package_discovery:discover_packages(colcon_meta) check parameters
[1.963s] Level 1:colcon.colcon_core.package_discovery:discover_packages(recursive) check parameters
[1.963s] Level 1:colcon.colcon_core.package_discovery:discover_packages(ignore) check parameters
[1.963s] Level 1:colcon.colcon_core.package_discovery:discover_packages(path) check parameters
[1.963s] Level 1:colcon.colcon_core.package_discovery:discover_packages(colcon_meta) discover
[1.963s] Level 1:colcon.colcon_core.package_discovery:discover_packages(recursive) discover
[1.964s] INFO:colcon.colcon_core.package_discovery:Crawling recursively for packages in '/home/david/tesis/superdev_ws/src/my_super_agv'
[1.964s] Level 1:colcon.colcon_core.package_identification:_identify(.) by extensions ['ignore', 'ignore_ament_install']
[1.964s] Level 1:colcon.colcon_core.package_identification:_identify(.) by extension 'ignore'
[1.964s] Level 1:colcon.colcon_core.package_identification:_identify(.) by extension 'ignore_ament_install'
[1.964s] Level 1:colcon.colcon_core.package_identification:_identify(.) by extensions ['colcon_pkg']
[1.964s] Level 1:colcon.colcon_core.package_identification:_identify(.) by extension 'colcon_pkg'
[1.964s] Level 1:colcon.colcon_core.package_identification:_identify(.) by extensions ['colcon_meta']
[1.965s] Level 1:colcon.colcon_core.package_identification:_identify(.) by extension 'colcon_meta'
[1.965s] Level 1:colcon.colcon_core.package_identification:_identify(.) by extensions ['ros']
[1.965s] Level 1:colcon.colcon_core.package_identification:_identify(.) by extension 'ros'
[2.014s] DEBUG:colcon.colcon_core.package_identification:Package '.' with type 'ros.ament_python' and name 'my_super_agv'
[2.014s] Level 1:colcon.colcon_core.package_discovery:discover_packages(recursive) using defaults
[2.015s] Level 1:colcon.colcon_core.package_discovery:discover_packages(ignore) discover
[2.015s] Level 1:colcon.colcon_core.package_discovery:discover_packages(ignore) using defaults
[2.015s] Level 1:colcon.colcon_core.package_discovery:discover_packages(path) discover
[2.015s] Level 1:colcon.colcon_core.package_discovery:discover_packages(path) using defaults
[2.213s] Level 1:colcon.colcon_core.package_discovery:discover_packages(prefix_path) check parameters
[2.213s] Level 1:colcon.colcon_core.package_discovery:discover_packages(prefix_path) discover
[2.234s] DEBUG:colcon.colcon_installed_package_information.package_discovery:Found 1 installed packages in /home/david/ros-humble-ros1-bridge/install
[2.238s] DEBUG:colcon.colcon_installed_package_information.package_discovery:Found 392 installed packages in /opt/ros/humble
[2.243s] Level 1:colcon.colcon_core.package_discovery:discover_packages(prefix_path) using defaults
[2.387s] Level 5:colcon.colcon_core.verb:set package 'my_super_agv' build argument 'cmake_args' from command line to 'None'
[2.387s] Level 5:colcon.colcon_core.verb:set package 'my_super_agv' build argument 'cmake_target' from command line to 'None'
[2.387s] Level 5:colcon.colcon_core.verb:set package 'my_super_agv' build argument 'cmake_target_skip_unavailable' from command line to 'False'
[2.387s] Level 5:colcon.colcon_core.verb:set package 'my_super_agv' build argument 'cmake_clean_cache' from command line to 'False'
[2.387s] Level 5:colcon.colcon_core.verb:set package 'my_super_agv' build argument 'cmake_clean_first' from command line to 'False'
[2.387s] Level 5:colcon.colcon_core.verb:set package 'my_super_agv' build argument 'cmake_force_configure' from command line to 'False'
[2.387s] Level 5:colcon.colcon_core.verb:set package 'my_super_agv' build argument 'ament_cmake_args' from command line to 'None'
[2.387s] Level 5:colcon.colcon_core.verb:set package 'my_super_agv' build argument 'catkin_cmake_args' from command line to 'None'
[2.387s] Level 5:colcon.colcon_core.verb:set package 'my_super_agv' build argument 'catkin_skip_building_tests' from command line to 'False'
[2.387s] DEBUG:colcon.colcon_core.verb:Building package 'my_super_agv' with the following arguments: {'ament_cmake_args': None, 'build_base': '/home/david/tesis/superdev_ws/src/my_super_agv/build/my_super_agv', 'catkin_cmake_args': None, 'catkin_skip_building_tests': False, 'cmake_args': None, 'cmake_clean_cache': False, 'cmake_clean_first': False, 'cmake_force_configure': False, 'cmake_target': None, 'cmake_target_skip_unavailable': False, 'install_base': '/home/david/tesis/superdev_ws/src/my_super_agv/install/my_super_agv', 'merge_install': False, 'path': '/home/david/tesis/superdev_ws/src/my_super_agv', 'symlink_install': False, 'test_result_base': None}
[2.388s] INFO:colcon.colcon_core.executor:Executing jobs using 'parallel' executor
[2.392s] DEBUG:colcon.colcon_parallel_executor.executor.parallel:run_until_complete
[2.392s] INFO:colcon.colcon_ros.task.ament_python.build:Building ROS package in '/home/david/tesis/superdev_ws/src/my_super_agv' with build type 'ament_python'
[2.392s] Level 1:colcon.colcon_core.shell:create_environment_hook('my_super_agv', 'ament_prefix_path')
[2.421s] INFO:colcon.colcon_core.plugin_system:Skipping extension 'colcon_core.shell.bat': Not used on non-Windows systems
[2.421s] INFO:colcon.colcon_core.shell:Creating environment hook '/home/david/tesis/superdev_ws/src/my_super_agv/install/my_super_agv/share/my_super_agv/hook/ament_prefix_path.ps1'
[2.432s] INFO:colcon.colcon_core.shell:Creating environment descriptor '/home/david/tesis/superdev_ws/src/my_super_agv/install/my_super_agv/share/my_super_agv/hook/ament_prefix_path.dsv'
[2.438s] INFO:colcon.colcon_core.shell:Creating environment hook '/home/david/tesis/superdev_ws/src/my_super_agv/install/my_super_agv/share/my_super_agv/hook/ament_prefix_path.sh'
[2.442s] INFO:colcon.colcon_core.shell:Skip shell extension 'powershell' for command environment: Not usable outside of PowerShell
[2.443s] DEBUG:colcon.colcon_core.shell:Skip shell extension 'dsv' for command environment
[3.402s] INFO:colcon.colcon_core.task.python.build:Building Python package in '/home/david/tesis/superdev_ws/src/my_super_agv'
[3.403s] INFO:colcon.colcon_core.shell:Skip shell extension 'powershell' for command environment: Not usable outside of PowerShell
[3.403s] DEBUG:colcon.colcon_core.shell:Skip shell extension 'dsv' for command environment
[5.214s] DEBUG:colcon.colcon_core.event_handler.log_command:Invoking command in '/home/david/tesis/superdev_ws/src/my_super_agv': PYTHONPATH=/home/david/tesis/superdev_ws/src/my_super_agv/build/my_super_agv/prefix_override:/home/david/tesis/superdev_ws/src/my_super_agv/install/my_super_agv/lib/python3.10/site-packages:${PYTHONPATH} /usr/bin/python3 -W ignore:setup.py install is deprecated setup.py egg_info --egg-base build/my_super_agv build --build-base /home/david/tesis/superdev_ws/src/my_super_agv/build/my_super_agv/build install --record /home/david/tesis/superdev_ws/src/my_super_agv/build/my_super_agv/install.log --single-version-externally-managed install_data
[6.164s] DEBUG:colcon.colcon_core.event_handler.log_command:Invoked command in '/home/david/tesis/superdev_ws/src/my_super_agv' returned '0': PYTHONPATH=/home/david/tesis/superdev_ws/src/my_super_agv/build/my_super_agv/prefix_override:/home/david/tesis/superdev_ws/src/my_super_agv/install/my_super_agv/lib/python3.10/site-packages:${PYTHONPATH} /usr/bin/python3 -W ignore:setup.py install is deprecated setup.py egg_info --egg-base build/my_super_agv build --build-base /home/david/tesis/superdev_ws/src/my_super_agv/build/my_super_agv/build install --record /home/david/tesis/superdev_ws/src/my_super_agv/build/my_super_agv/install.log --single-version-externally-managed install_data
[6.222s] Level 1:colcon.colcon_core.environment:checking '/home/david/tesis/superdev_ws/src/my_super_agv/install/my_super_agv' for CMake module files
[6.223s] Level 1:colcon.colcon_core.environment:checking '/home/david/tesis/superdev_ws/src/my_super_agv/install/my_super_agv' for CMake config files
[6.227s] Level 1:colcon.colcon_core.environment:checking '/home/david/tesis/superdev_ws/src/my_super_agv/install/my_super_agv/lib'
[6.227s] Level 1:colcon.colcon_core.environment:checking '/home/david/tesis/superdev_ws/src/my_super_agv/install/my_super_agv/bin'
[6.227s] Level 1:colcon.colcon_core.environment:checking '/home/david/tesis/superdev_ws/src/my_super_agv/install/my_super_agv/lib/pkgconfig/my_super_agv.pc'
[6.228s] Level 1:colcon.colcon_core.environment:checking '/home/david/tesis/superdev_ws/src/my_super_agv/install/my_super_agv/lib/python3.10/site-packages'
[6.228s] Level 1:colcon.colcon_core.shell:create_environment_hook('my_super_agv', 'pythonpath')
[6.228s] INFO:colcon.colcon_core.shell:Creating environment hook '/home/david/tesis/superdev_ws/src/my_super_agv/install/my_super_agv/share/my_super_agv/hook/pythonpath.ps1'
[6.230s] INFO:colcon.colcon_core.shell:Creating environment descriptor '/home/david/tesis/superdev_ws/src/my_super_agv/install/my_super_agv/share/my_super_agv/hook/pythonpath.dsv'
[6.231s] INFO:colcon.colcon_core.shell:Creating environment hook '/home/david/tesis/superdev_ws/src/my_super_agv/install/my_super_agv/share/my_super_agv/hook/pythonpath.sh'
[6.232s] Level 1:colcon.colcon_core.environment:checking '/home/david/tesis/superdev_ws/src/my_super_agv/install/my_super_agv/bin'
[6.232s] Level 1:colcon.colcon_core.environment:create_environment_scripts_only(my_super_agv)
[6.233s] INFO:colcon.colcon_core.shell:Creating package script '/home/david/tesis/superdev_ws/src/my_super_agv/install/my_super_agv/share/my_super_agv/package.ps1'
[6.235s] INFO:colcon.colcon_core.shell:Creating package descriptor '/home/david/tesis/superdev_ws/src/my_super_agv/install/my_super_agv/share/my_super_agv/package.dsv'
[6.239s] INFO:colcon.colcon_core.shell:Creating package script '/home/david/tesis/superdev_ws/src/my_super_agv/install/my_super_agv/share/my_super_agv/package.sh'
[6.241s] INFO:colcon.colcon_core.shell:Creating package script '/home/david/tesis/superdev_ws/src/my_super_agv/install/my_super_agv/share/my_super_agv/package.bash'
[6.246s] INFO:colcon.colcon_core.shell:Creating package script '/home/david/tesis/superdev_ws/src/my_super_agv/install/my_super_agv/share/my_super_agv/package.zsh'
[6.250s] Level 1:colcon.colcon_core.environment:create_file_with_runtime_dependencies(/home/david/tesis/superdev_ws/src/my_super_agv/install/my_super_agv/share/colcon-core/packages/my_super_agv)
[6.251s] DEBUG:colcon.colcon_parallel_executor.executor.parallel:closing loop
[6.252s] DEBUG:colcon.colcon_parallel_executor.executor.parallel:loop closed
[6.252s] DEBUG:colcon.colcon_parallel_executor.executor.parallel:run_until_complete finished with '0'
[6.252s] DEBUG:colcon.colcon_core.event_reactor:joining thread
[6.274s] INFO:colcon.colcon_core.plugin_system:Skipping extension 'colcon_notification.desktop_notification.terminal_notifier': Not used on non-Darwin systems
[6.274s] INFO:colcon.colcon_core.plugin_system:Skipping extension 'colcon_notification.desktop_notification.win32': Not used on non-Windows systems
[6.275s] INFO:colcon.colcon_notification.desktop_notification:Sending desktop notification using 'notify2'
[6.362s] DEBUG:colcon.colcon_core.event_reactor:joined thread
[6.364s] INFO:colcon.colcon_core.shell:Creating prefix script '/home/david/tesis/superdev_ws/src/my_super_agv/install/local_setup.ps1'
[6.372s] INFO:colcon.colcon_core.shell:Creating prefix util module '/home/david/tesis/superdev_ws/src/my_super_agv/install/_local_setup_util_ps1.py'
[6.377s] INFO:colcon.colcon_core.shell:Creating prefix chain script '/home/david/tesis/superdev_ws/src/my_super_agv/install/setup.ps1'
[6.382s] INFO:colcon.colcon_core.shell:Creating prefix script '/home/david/tesis/superdev_ws/src/my_super_agv/install/local_setup.sh'
[6.389s] INFO:colcon.colcon_core.shell:Creating prefix util module '/home/david/tesis/superdev_ws/src/my_super_agv/install/_local_setup_util_sh.py'
[6.406s] INFO:colcon.colcon_core.shell:Creating prefix chain script '/home/david/tesis/superdev_ws/src/my_super_agv/install/setup.sh'
[6.414s] INFO:colcon.colcon_core.shell:Creating prefix script '/home/david/tesis/superdev_ws/src/my_super_agv/install/local_setup.bash'
[6.416s] INFO:colcon.colcon_core.shell:Creating prefix chain script '/home/david/tesis/superdev_ws/src/my_super_agv/install/setup.bash'
[6.425s] INFO:colcon.colcon_core.shell:Creating prefix script '/home/david/tesis/superdev_ws/src/my_super_agv/install/local_setup.zsh'
[6.433s] INFO:colcon.colcon_core.shell:Creating prefix chain script '/home/david/tesis/superdev_ws/src/my_super_agv/install/setup.zsh'
