[0.983s] Invoking command in '/home/david/tesis/superdev_ws/src/my_super_agv': PYTHONPATH=/home/david/tesis/superdev_ws/src/my_super_agv/build/my_super_agv/prefix_override:/home/david/tesis/superdev_ws/src/my_super_agv/install/my_super_agv/lib/python3.10/site-packages:${PYTHONPATH} /usr/bin/python3 -W ignore:setup.py install is deprecated setup.py egg_info --egg-base build/my_super_agv build --build-base /home/david/tesis/superdev_ws/src/my_super_agv/build/my_super_agv/build install --record /home/david/tesis/superdev_ws/src/my_super_agv/build/my_super_agv/install.log --single-version-externally-managed install_data
[1.341s] running egg_info
[1.342s] writing build/my_super_agv/my_super_agv.egg-info/PKG-INFO
[1.342s] writing dependency_links to build/my_super_agv/my_super_agv.egg-info/dependency_links.txt
[1.343s] writing entry points to build/my_super_agv/my_super_agv.egg-info/entry_points.txt
[1.343s] writing requirements to build/my_super_agv/my_super_agv.egg-info/requires.txt
[1.343s] writing top-level names to build/my_super_agv/my_super_agv.egg-info/top_level.txt
[1.346s] reading manifest file 'build/my_super_agv/my_super_agv.egg-info/SOURCES.txt'
[1.347s] adding license file 'LICENSE'
[1.348s] writing manifest file 'build/my_super_agv/my_super_agv.egg-info/SOURCES.txt'
[1.348s] running build
[1.348s] running build_py
[1.349s] running install
[1.349s] running install_lib
[1.351s] running install_data
[1.351s] copying package.xml -> /home/david/tesis/superdev_ws/src/my_super_agv/install/my_super_agv/share/my_super_agv
[1.351s] running install_egg_info
[1.354s] removing '/home/david/tesis/superdev_ws/src/my_super_agv/install/my_super_agv/lib/python3.10/site-packages/my_super_agv-0.0.0-py3.10.egg-info' (and everything under it)
[1.355s] Copying build/my_super_agv/my_super_agv.egg-info to /home/david/tesis/superdev_ws/src/my_super_agv/install/my_super_agv/lib/python3.10/site-packages/my_super_agv-0.0.0-py3.10.egg-info
[1.356s] running install_scripts
[1.384s] Installing teleop script to /home/david/tesis/superdev_ws/src/my_super_agv/install/my_super_agv/lib/my_super_agv
[1.384s] Installing teleop_fix script to /home/david/tesis/superdev_ws/src/my_super_agv/install/my_super_agv/lib/my_super_agv
[1.384s] writing list of installed files to '/home/david/tesis/superdev_ws/src/my_super_agv/build/my_super_agv/install.log'
[1.430s] Invoked command in '/home/david/tesis/superdev_ws/src/my_super_agv' returned '0': PYTHONPATH=/home/david/tesis/superdev_ws/src/my_super_agv/build/my_super_agv/prefix_override:/home/david/tesis/superdev_ws/src/my_super_agv/install/my_super_agv/lib/python3.10/site-packages:${PYTHONPATH} /usr/bin/python3 -W ignore:setup.py install is deprecated setup.py egg_info --egg-base build/my_super_agv build --build-base /home/david/tesis/superdev_ws/src/my_super_agv/build/my_super_agv/build install --record /home/david/tesis/superdev_ws/src/my_super_agv/build/my_super_agv/install.log --single-version-externally-managed install_data
