[1.060s] Invoking command in '/home/david/tesis/superdev_ws/src/my_super_agv': PYTHONPATH=/home/david/tesis/superdev_ws/src/my_super_agv/build/my_super_agv/prefix_override:/home/david/tesis/superdev_ws/src/my_super_agv/install/my_super_agv/lib/python3.10/site-packages:${PYTHONPATH} /usr/bin/python3 -W ignore:setup.py install is deprecated setup.py egg_info --egg-base build/my_super_agv build --build-base /home/david/tesis/superdev_ws/src/my_super_agv/build/my_super_agv/build install --record /home/david/tesis/superdev_ws/src/my_super_agv/build/my_super_agv/install.log --single-version-externally-managed install_data
[1.434s] running egg_info
[1.435s] writing build/my_super_agv/my_super_agv.egg-info/PKG-INFO
[1.436s] writing dependency_links to build/my_super_agv/my_super_agv.egg-info/dependency_links.txt
[1.436s] writing entry points to build/my_super_agv/my_super_agv.egg-info/entry_points.txt
[1.436s] writing requirements to build/my_super_agv/my_super_agv.egg-info/requires.txt
[1.436s] writing top-level names to build/my_super_agv/my_super_agv.egg-info/top_level.txt
[1.439s] reading manifest file 'build/my_super_agv/my_super_agv.egg-info/SOURCES.txt'
[1.440s] adding license file 'LICENSE'
[1.441s] writing manifest file 'build/my_super_agv/my_super_agv.egg-info/SOURCES.txt'
[1.442s] running build
[1.442s] running build_py
[1.442s] copying my_super_agv/teleop_fix.py -> /home/david/tesis/superdev_ws/src/my_super_agv/build/my_super_agv/build/lib/my_super_agv
[1.442s] running install
[1.442s] running install_lib
[1.444s] copying /home/david/tesis/superdev_ws/src/my_super_agv/build/my_super_agv/build/lib/my_super_agv/teleop_fix.py -> /home/david/tesis/superdev_ws/src/my_super_agv/install/my_super_agv/lib/python3.10/site-packages/my_super_agv
[1.445s] byte-compiling /home/david/tesis/superdev_ws/src/my_super_agv/install/my_super_agv/lib/python3.10/site-packages/my_super_agv/teleop_fix.py to teleop_fix.cpython-310.pyc
[1.446s] running install_data
[1.447s] running install_egg_info
[1.450s] removing '/home/david/tesis/superdev_ws/src/my_super_agv/install/my_super_agv/lib/python3.10/site-packages/my_super_agv-0.0.0-py3.10.egg-info' (and everything under it)
[1.450s] Copying build/my_super_agv/my_super_agv.egg-info to /home/david/tesis/superdev_ws/src/my_super_agv/install/my_super_agv/lib/python3.10/site-packages/my_super_agv-0.0.0-py3.10.egg-info
[1.452s] running install_scripts
[1.482s] Installing teleop=my_super_agv.teleop:mainteleop_fix script to /home/david/tesis/superdev_ws/src/my_super_agv/install/my_super_agv/lib/my_super_agv
[1.483s] writing list of installed files to '/home/david/tesis/superdev_ws/src/my_super_agv/build/my_super_agv/install.log'
[1.533s] Invoked command in '/home/david/tesis/superdev_ws/src/my_super_agv' returned '0': PYTHONPATH=/home/david/tesis/superdev_ws/src/my_super_agv/build/my_super_agv/prefix_override:/home/david/tesis/superdev_ws/src/my_super_agv/install/my_super_agv/lib/python3.10/site-packages:${PYTHONPATH} /usr/bin/python3 -W ignore:setup.py install is deprecated setup.py egg_info --egg-base build/my_super_agv build --build-base /home/david/tesis/superdev_ws/src/my_super_agv/build/my_super_agv/build install --record /home/david/tesis/superdev_ws/src/my_super_agv/build/my_super_agv/install.log --single-version-externally-managed install_data
