[3.839s] Invoking command in '/home/david/tesis/superdev_ws/src/my_super_agv': PYTHONPATH=/home/david/tesis/superdev_ws/src/my_super_agv/build/my_super_agv/prefix_override:/home/david/tesis/superdev_ws/src/my_super_agv/install/my_super_agv/lib/python3.10/site-packages:${PYTHONPATH} /usr/bin/python3 -W ignore:setup.py install is deprecated setup.py egg_info --egg-base build/my_super_agv build --build-base /home/david/tesis/superdev_ws/src/my_super_agv/build/my_super_agv/build install --record /home/david/tesis/superdev_ws/src/my_super_agv/build/my_super_agv/install.log --single-version-externally-managed install_data
[4.602s] running egg_info
[4.604s] writing build/my_super_agv/my_super_agv.egg-info/PKG-INFO
[4.606s] writing dependency_links to build/my_super_agv/my_super_agv.egg-info/dependency_links.txt
[4.607s] writing entry points to build/my_super_agv/my_super_agv.egg-info/entry_points.txt
[4.607s] writing requirements to build/my_super_agv/my_super_agv.egg-info/requires.txt
[4.607s] writing top-level names to build/my_super_agv/my_super_agv.egg-info/top_level.txt
[4.614s] reading manifest file 'build/my_super_agv/my_super_agv.egg-info/SOURCES.txt'
[4.621s] adding license file 'LICENSE'
[4.623s] writing manifest file 'build/my_super_agv/my_super_agv.egg-info/SOURCES.txt'
[4.629s] running build
[4.635s] running build_py
[4.651s] running install
[4.652s] running install_lib
[4.657s] running install_data
[4.659s] running install_egg_info
[4.662s] removing '/home/david/tesis/superdev_ws/src/my_super_agv/install/my_super_agv/lib/python3.10/site-packages/my_super_agv-0.0.0-py3.10.egg-info' (and everything under it)
[4.663s] Copying build/my_super_agv/my_super_agv.egg-info to /home/david/tesis/superdev_ws/src/my_super_agv/install/my_super_agv/lib/python3.10/site-packages/my_super_agv-0.0.0-py3.10.egg-info
[4.666s] running install_scripts
[4.716s] Installing teleop script to /home/david/tesis/superdev_ws/src/my_super_agv/install/my_super_agv/lib/my_super_agv
[4.719s] writing list of installed files to '/home/david/tesis/superdev_ws/src/my_super_agv/build/my_super_agv/install.log'
[4.910s] Invoked command in '/home/david/tesis/superdev_ws/src/my_super_agv' returned '0': PYTHONPATH=/home/david/tesis/superdev_ws/src/my_super_agv/build/my_super_agv/prefix_override:/home/david/tesis/superdev_ws/src/my_super_agv/install/my_super_agv/lib/python3.10/site-packages:${PYTHONPATH} /usr/bin/python3 -W ignore:setup.py install is deprecated setup.py egg_info --egg-base build/my_super_agv build --build-base /home/david/tesis/superdev_ws/src/my_super_agv/build/my_super_agv/build install --record /home/david/tesis/superdev_ws/src/my_super_agv/build/my_super_agv/install.log --single-version-externally-managed install_data
