running egg_info
creating build/my_super_agv/my_super_agv.egg-info
writing build/my_super_agv/my_super_agv.egg-info/PKG-INFO
writing dependency_links to build/my_super_agv/my_super_agv.egg-info/dependency_links.txt
writing entry points to build/my_super_agv/my_super_agv.egg-info/entry_points.txt
writing requirements to build/my_super_agv/my_super_agv.egg-info/requires.txt
writing top-level names to build/my_super_agv/my_super_agv.egg-info/top_level.txt
writing manifest file 'build/my_super_agv/my_super_agv.egg-info/SOURCES.txt'
reading manifest file 'build/my_super_agv/my_super_agv.egg-info/SOURCES.txt'
adding license file 'LICENSE'
writing manifest file 'build/my_super_agv/my_super_agv.egg-info/SOURCES.txt'
running build
running build_py
creating /home/david/tesis/superdev_ws/src/my_super_agv/build/my_super_agv/build
creating /home/david/tesis/superdev_ws/src/my_super_agv/build/my_super_agv/build/lib
creating /home/david/tesis/superdev_ws/src/my_super_agv/build/my_super_agv/build/lib/my_super_agv
copying my_super_agv/__init__.py -> /home/david/tesis/superdev_ws/src/my_super_agv/build/my_super_agv/build/lib/my_super_agv
running install
running install_lib
creating /home/david/tesis/superdev_ws/src/my_super_agv/install/my_super_agv/lib/python3.10/site-packages/my_super_agv
copying /home/david/tesis/superdev_ws/src/my_super_agv/build/my_super_agv/build/lib/my_super_agv/__init__.py -> /home/david/tesis/superdev_ws/src/my_super_agv/install/my_super_agv/lib/python3.10/site-packages/my_super_agv
byte-compiling /home/david/tesis/superdev_ws/src/my_super_agv/install/my_super_agv/lib/python3.10/site-packages/my_super_agv/__init__.py to __init__.cpython-310.pyc
running install_data
creating /home/david/tesis/superdev_ws/src/my_super_agv/install/my_super_agv/share/ament_index
creating /home/david/tesis/superdev_ws/src/my_super_agv/install/my_super_agv/share/ament_index/resource_index
creating /home/david/tesis/superdev_ws/src/my_super_agv/install/my_super_agv/share/ament_index/resource_index/packages
copying resource/my_super_agv -> /home/david/tesis/superdev_ws/src/my_super_agv/install/my_super_agv/share/ament_index/resource_index/packages
copying package.xml -> /home/david/tesis/superdev_ws/src/my_super_agv/install/my_super_agv/share/my_super_agv
running install_egg_info
Copying build/my_super_agv/my_super_agv.egg-info to /home/david/tesis/superdev_ws/src/my_super_agv/install/my_super_agv/lib/python3.10/site-packages/my_super_agv-0.0.0-py3.10.egg-info
running install_scripts
Installing teleop script to /home/david/tesis/superdev_ws/src/my_super_agv/install/my_super_agv/lib/my_super_agv
writing list of installed files to '/home/david/tesis/superdev_ws/src/my_super_agv/build/my_super_agv/install.log'
