[0.989s] Invoking command in '/home/david/tesis/superdev_ws/src/my_super_agv': PYTHONPATH=/home/david/tesis/superdev_ws/src/my_super_agv/build/my_super_agv/prefix_override:/home/david/tesis/superdev_ws/src/my_super_agv/install/my_super_agv/lib/python3.10/site-packages:${PYTHONPATH} /usr/bin/python3 -W ignore:setup.py install is deprecated setup.py egg_info --egg-base build/my_super_agv build --build-base /home/david/tesis/superdev_ws/src/my_super_agv/build/my_super_agv/build install --record /home/david/tesis/superdev_ws/src/my_super_agv/build/my_super_agv/install.log --single-version-externally-managed install_data
[1.338s] running egg_info
[1.338s] creating build/my_super_agv/my_super_agv.egg-info
[1.339s] writing build/my_super_agv/my_super_agv.egg-info/PKG-INFO
[1.339s] writing dependency_links to build/my_super_agv/my_super_agv.egg-info/dependency_links.txt
[1.339s] writing entry points to build/my_super_agv/my_super_agv.egg-info/entry_points.txt
[1.340s] writing requirements to build/my_super_agv/my_super_agv.egg-info/requires.txt
[1.340s] writing top-level names to build/my_super_agv/my_super_agv.egg-info/top_level.txt
[1.340s] writing manifest file 'build/my_super_agv/my_super_agv.egg-info/SOURCES.txt'
[1.342s] reading manifest file 'build/my_super_agv/my_super_agv.egg-info/SOURCES.txt'
[1.342s] adding license file 'LICENSE'
[1.344s] writing manifest file 'build/my_super_agv/my_super_agv.egg-info/SOURCES.txt'
[1.344s] running build
[1.344s] running build_py
[1.344s] creating /home/david/tesis/superdev_ws/src/my_super_agv/build/my_super_agv/build
[1.345s] creating /home/david/tesis/superdev_ws/src/my_super_agv/build/my_super_agv/build/lib
[1.345s] creating /home/david/tesis/superdev_ws/src/my_super_agv/build/my_super_agv/build/lib/my_super_agv
[1.345s] copying my_super_agv/__init__.py -> /home/david/tesis/superdev_ws/src/my_super_agv/build/my_super_agv/build/lib/my_super_agv
[1.345s] running install
[1.346s] running install_lib
[1.347s] creating /home/david/tesis/superdev_ws/src/my_super_agv/install/my_super_agv/lib/python3.10/site-packages/my_super_agv
[1.348s] copying /home/david/tesis/superdev_ws/src/my_super_agv/build/my_super_agv/build/lib/my_super_agv/__init__.py -> /home/david/tesis/superdev_ws/src/my_super_agv/install/my_super_agv/lib/python3.10/site-packages/my_super_agv
[1.348s] byte-compiling /home/david/tesis/superdev_ws/src/my_super_agv/install/my_super_agv/lib/python3.10/site-packages/my_super_agv/__init__.py to __init__.cpython-310.pyc
[1.349s] running install_data
[1.349s] creating /home/david/tesis/superdev_ws/src/my_super_agv/install/my_super_agv/share/ament_index
[1.350s] creating /home/david/tesis/superdev_ws/src/my_super_agv/install/my_super_agv/share/ament_index/resource_index
[1.350s] creating /home/david/tesis/superdev_ws/src/my_super_agv/install/my_super_agv/share/ament_index/resource_index/packages
[1.350s] copying resource/my_super_agv -> /home/david/tesis/superdev_ws/src/my_super_agv/install/my_super_agv/share/ament_index/resource_index/packages
[1.350s] copying package.xml -> /home/david/tesis/superdev_ws/src/my_super_agv/install/my_super_agv/share/my_super_agv
[1.350s] running install_egg_info
[1.355s] Copying build/my_super_agv/my_super_agv.egg-info to /home/david/tesis/superdev_ws/src/my_super_agv/install/my_super_agv/lib/python3.10/site-packages/my_super_agv-0.0.0-py3.10.egg-info
[1.356s] running install_scripts
[1.387s] Installing teleop script to /home/david/tesis/superdev_ws/src/my_super_agv/install/my_super_agv/lib/my_super_agv
[1.387s] writing list of installed files to '/home/david/tesis/superdev_ws/src/my_super_agv/build/my_super_agv/install.log'
[1.433s] Invoked command in '/home/david/tesis/superdev_ws/src/my_super_agv' returned '0': PYTHONPATH=/home/david/tesis/superdev_ws/src/my_super_agv/build/my_super_agv/prefix_override:/home/david/tesis/superdev_ws/src/my_super_agv/install/my_super_agv/lib/python3.10/site-packages:${PYTHONPATH} /usr/bin/python3 -W ignore:setup.py install is deprecated setup.py egg_info --egg-base build/my_super_agv build --build-base /home/david/tesis/superdev_ws/src/my_super_agv/build/my_super_agv/build install --record /home/david/tesis/superdev_ws/src/my_super_agv/build/my_super_agv/install.log --single-version-externally-managed install_data
