running egg_info
writing build/my_super_agv/my_super_agv.egg-info/PKG-INFO
writing dependency_links to build/my_super_agv/my_super_agv.egg-info/dependency_links.txt
writing entry points to build/my_super_agv/my_super_agv.egg-info/entry_points.txt
writing requirements to build/my_super_agv/my_super_agv.egg-info/requires.txt
writing top-level names to build/my_super_agv/my_super_agv.egg-info/top_level.txt
reading manifest file 'build/my_super_agv/my_super_agv.egg-info/SOURCES.txt'
adding license file 'LICENSE'
writing manifest file 'build/my_super_agv/my_super_agv.egg-info/SOURCES.txt'
running build
running build_py
copying my_super_agv/teleop.py -> /home/david/tesis/superdev_ws/src/my_super_agv/build/my_super_agv/build/lib/my_super_agv
running install
running install_lib
copying /home/david/tesis/superdev_ws/src/my_super_agv/build/my_super_agv/build/lib/my_super_agv/teleop.py -> /home/david/tesis/superdev_ws/src/my_super_agv/install/my_super_agv/lib/python3.10/site-packages/my_super_agv
byte-compiling /home/david/tesis/superdev_ws/src/my_super_agv/install/my_super_agv/lib/python3.10/site-packages/my_super_agv/teleop.py to teleop.cpython-310.pyc
running install_data
running install_egg_info
removing '/home/david/tesis/superdev_ws/src/my_super_agv/install/my_super_agv/lib/python3.10/site-packages/my_super_agv-0.0.0-py3.10.egg-info' (and everything under it)
Copying build/my_super_agv/my_super_agv.egg-info to /home/david/tesis/superdev_ws/src/my_super_agv/install/my_super_agv/lib/python3.10/site-packages/my_super_agv-0.0.0-py3.10.egg-info
running install_scripts
Installing teleop script to /home/david/tesis/superdev_ws/src/my_super_agv/install/my_super_agv/lib/my_super_agv
writing list of installed files to '/home/david/tesis/superdev_ws/src/my_super_agv/build/my_super_agv/install.log'
