[1.065s] Invoking command in '/home/david/tesis/superdev_ws/src/my_super_agv': PYTHONPATH=/home/david/tesis/superdev_ws/src/my_super_agv/build/my_super_agv/prefix_override:/home/david/tesis/superdev_ws/src/my_super_agv/install/my_super_agv/lib/python3.10/site-packages:${PYTHONPATH} /usr/bin/python3 -W ignore:setup.py install is deprecated setup.py egg_info --egg-base build/my_super_agv build --build-base /home/david/tesis/superdev_ws/src/my_super_agv/build/my_super_agv/build install --record /home/david/tesis/superdev_ws/src/my_super_agv/build/my_super_agv/install.log --single-version-externally-managed install_data
[1.454s] running egg_info
[1.456s] writing build/my_super_agv/my_super_agv.egg-info/PKG-INFO
[1.456s] writing dependency_links to build/my_super_agv/my_super_agv.egg-info/dependency_links.txt
[1.457s] writing entry points to build/my_super_agv/my_super_agv.egg-info/entry_points.txt
[1.457s] writing requirements to build/my_super_agv/my_super_agv.egg-info/requires.txt
[1.457s] writing top-level names to build/my_super_agv/my_super_agv.egg-info/top_level.txt
[1.459s] reading manifest file 'build/my_super_agv/my_super_agv.egg-info/SOURCES.txt'
[1.461s] adding license file 'LICENSE'
[1.463s] writing manifest file 'build/my_super_agv/my_super_agv.egg-info/SOURCES.txt'
[1.463s] running build
[1.464s] running build_py
[1.464s] copying my_super_agv/teleop.py -> /home/david/tesis/superdev_ws/src/my_super_agv/build/my_super_agv/build/lib/my_super_agv
[1.464s] running install
[1.465s] running install_lib
[1.466s] copying /home/david/tesis/superdev_ws/src/my_super_agv/build/my_super_agv/build/lib/my_super_agv/teleop.py -> /home/david/tesis/superdev_ws/src/my_super_agv/install/my_super_agv/lib/python3.10/site-packages/my_super_agv
[1.466s] byte-compiling /home/david/tesis/superdev_ws/src/my_super_agv/install/my_super_agv/lib/python3.10/site-packages/my_super_agv/teleop.py to teleop.cpython-310.pyc
[1.467s] running install_data
[1.468s] running install_egg_info
[1.470s] removing '/home/david/tesis/superdev_ws/src/my_super_agv/install/my_super_agv/lib/python3.10/site-packages/my_super_agv-0.0.0-py3.10.egg-info' (and everything under it)
[1.470s] Copying build/my_super_agv/my_super_agv.egg-info to /home/david/tesis/superdev_ws/src/my_super_agv/install/my_super_agv/lib/python3.10/site-packages/my_super_agv-0.0.0-py3.10.egg-info
[1.472s] running install_scripts
[1.499s] Installing teleop script to /home/david/tesis/superdev_ws/src/my_super_agv/install/my_super_agv/lib/my_super_agv
[1.499s] writing list of installed files to '/home/david/tesis/superdev_ws/src/my_super_agv/build/my_super_agv/install.log'
[1.548s] Invoked command in '/home/david/tesis/superdev_ws/src/my_super_agv' returned '0': PYTHONPATH=/home/david/tesis/superdev_ws/src/my_super_agv/build/my_super_agv/prefix_override:/home/david/tesis/superdev_ws/src/my_super_agv/install/my_super_agv/lib/python3.10/site-packages:${PYTHONPATH} /usr/bin/python3 -W ignore:setup.py install is deprecated setup.py egg_info --egg-base build/my_super_agv build --build-base /home/david/tesis/superdev_ws/src/my_super_agv/build/my_super_agv/build install --record /home/david/tesis/superdev_ws/src/my_super_agv/build/my_super_agv/install.log --single-version-externally-managed install_data
