[1.603s] DEBUG:colcon:Command line arguments: ['/usr/bin/colcon', 'build']
[1.603s] DEBUG:colcon:Parsed command line arguments: Namespace(log_base=None, log_level=None, verb_name='build', build_base='build', install_base='install', merge_install=False, symlink_install=False, test_result_base=None, continue_on_error=False, executor='parallel', parallel_workers=8, event_handlers=None, ignore_user_meta=False, metas=['./colcon.meta'], base_paths=['.'], packages_ignore=None, packages_ignore_regex=None, paths=None, packages_up_to=None, packages_up_to_regex=None, packages_above=None, packages_above_and_dependencies=None, packages_above_depth=None, packages_select_by_dep=None, packages_skip_by_dep=None, packages_skip_up_to=None, packages_select_build_failed=False, packages_skip_build_finished=False, packages_select_test_failures=False, packages_skip_test_passed=False, packages_select=None, packages_skip=None, packages_select_regex=None, packages_skip_regex=None, packages_start=None, packages_end=None, allow_overriding=[], cmake_args=None, cmake_target=None, cmake_target_skip_unavailable=False, cmake_clean_cache=False, cmake_clean_first=False, cmake_force_configure=False, ament_cmake_args=None, catkin_cmake_args=None, catkin_skip_building_tests=False, verb_parser=<colcon_defaults.argument_parser.defaults.DefaultArgumentsDecorator object at 0x7983e68454e0>, verb_extension=<colcon_core.verb.build.BuildVerb object at 0x7983e6844e20>, main=<bound method BuildVerb.main of <colcon_core.verb.build.BuildVerb object at 0x7983e6844e20>>)
[3.260s] Level 1:colcon.colcon_core.package_discovery:discover_packages(colcon_meta) check parameters
[3.261s] Level 1:colcon.colcon_core.package_discovery:discover_packages(recursive) check parameters
[3.262s] Level 1:colcon.colcon_core.package_discovery:discover_packages(ignore) check parameters
[3.262s] Level 1:colcon.colcon_core.package_discovery:discover_packages(path) check parameters
[3.262s] Level 1:colcon.colcon_core.package_discovery:discover_packages(colcon_meta) discover
[3.262s] Level 1:colcon.colcon_core.package_discovery:discover_packages(recursive) discover
[3.262s] INFO:colcon.colcon_core.package_discovery:Crawling recursively for packages in '/home/david/tesis/superdev_ws/src/my_super_agv'
[3.262s] Level 1:colcon.colcon_core.package_identification:_identify(.) by extensions ['ignore', 'ignore_ament_install']
[3.262s] Level 1:colcon.colcon_core.package_identification:_identify(.) by extension 'ignore'
[3.262s] Level 1:colcon.colcon_core.package_identification:_identify(.) by extension 'ignore_ament_install'
[3.262s] Level 1:colcon.colcon_core.package_identification:_identify(.) by extensions ['colcon_pkg']
[3.263s] Level 1:colcon.colcon_core.package_identification:_identify(.) by extension 'colcon_pkg'
[3.263s] Level 1:colcon.colcon_core.package_identification:_identify(.) by extensions ['colcon_meta']
[3.263s] Level 1:colcon.colcon_core.package_identification:_identify(.) by extension 'colcon_meta'
[3.263s] Level 1:colcon.colcon_core.package_identification:_identify(.) by extensions ['ros']
[3.263s] Level 1:colcon.colcon_core.package_identification:_identify(.) by extension 'ros'
[3.346s] DEBUG:colcon.colcon_core.package_identification:Package '.' with type 'ros.ament_python' and name 'my_super_agv'
[3.347s] Level 1:colcon.colcon_core.package_discovery:discover_packages(recursive) using defaults
[3.347s] Level 1:colcon.colcon_core.package_discovery:discover_packages(ignore) discover
[3.347s] Level 1:colcon.colcon_core.package_discovery:discover_packages(ignore) using defaults
[3.347s] Level 1:colcon.colcon_core.package_discovery:discover_packages(path) discover
[3.347s] Level 1:colcon.colcon_core.package_discovery:discover_packages(path) using defaults
[3.614s] Level 1:colcon.colcon_core.package_discovery:discover_packages(prefix_path) check parameters
[3.614s] Level 1:colcon.colcon_core.package_discovery:discover_packages(prefix_path) discover
[3.636s] DEBUG:colcon.colcon_installed_package_information.package_discovery:Found 1 installed packages in /home/david/ros-humble-ros1-bridge/install
[3.644s] DEBUG:colcon.colcon_installed_package_information.package_discovery:Found 392 installed packages in /opt/ros/humble
[3.652s] Level 1:colcon.colcon_core.package_discovery:discover_packages(prefix_path) using defaults
[3.866s] Level 5:colcon.colcon_core.verb:set package 'my_super_agv' build argument 'cmake_args' from command line to 'None'
[3.866s] Level 5:colcon.colcon_core.verb:set package 'my_super_agv' build argument 'cmake_target' from command line to 'None'
[3.867s] Level 5:colcon.colcon_core.verb:set package 'my_super_agv' build argument 'cmake_target_skip_unavailable' from command line to 'False'
[3.867s] Level 5:colcon.colcon_core.verb:set package 'my_super_agv' build argument 'cmake_clean_cache' from command line to 'False'
[3.867s] Level 5:colcon.colcon_core.verb:set package 'my_super_agv' build argument 'cmake_clean_first' from command line to 'False'
[3.867s] Level 5:colcon.colcon_core.verb:set package 'my_super_agv' build argument 'cmake_force_configure' from command line to 'False'
[3.867s] Level 5:colcon.colcon_core.verb:set package 'my_super_agv' build argument 'ament_cmake_args' from command line to 'None'
[3.867s] Level 5:colcon.colcon_core.verb:set package 'my_super_agv' build argument 'catkin_cmake_args' from command line to 'None'
[3.867s] Level 5:colcon.colcon_core.verb:set package 'my_super_agv' build argument 'catkin_skip_building_tests' from command line to 'False'
[3.867s] DEBUG:colcon.colcon_core.verb:Building package 'my_super_agv' with the following arguments: {'ament_cmake_args': None, 'build_base': '/home/david/tesis/superdev_ws/src/my_super_agv/build/my_super_agv', 'catkin_cmake_args': None, 'catkin_skip_building_tests': False, 'cmake_args': None, 'cmake_clean_cache': False, 'cmake_clean_first': False, 'cmake_force_configure': False, 'cmake_target': None, 'cmake_target_skip_unavailable': False, 'install_base': '/home/david/tesis/superdev_ws/src/my_super_agv/install/my_super_agv', 'merge_install': False, 'path': '/home/david/tesis/superdev_ws/src/my_super_agv', 'symlink_install': False, 'test_result_base': None}
[3.867s] INFO:colcon.colcon_core.executor:Executing jobs using 'parallel' executor
[3.870s] DEBUG:colcon.colcon_parallel_executor.executor.parallel:run_until_complete
[3.871s] INFO:colcon.colcon_ros.task.ament_python.build:Building ROS package in '/home/david/tesis/superdev_ws/src/my_super_agv' with build type 'ament_python'
[3.871s] Level 1:colcon.colcon_core.shell:create_environment_hook('my_super_agv', 'ament_prefix_path')
[3.915s] INFO:colcon.colcon_core.plugin_system:Skipping extension 'colcon_core.shell.bat': Not used on non-Windows systems
[3.916s] INFO:colcon.colcon_core.shell:Creating environment hook '/home/david/tesis/superdev_ws/src/my_super_agv/install/my_super_agv/share/my_super_agv/hook/ament_prefix_path.ps1'
[3.924s] INFO:colcon.colcon_core.shell:Creating environment descriptor '/home/david/tesis/superdev_ws/src/my_super_agv/install/my_super_agv/share/my_super_agv/hook/ament_prefix_path.dsv'
[3.928s] INFO:colcon.colcon_core.shell:Creating environment hook '/home/david/tesis/superdev_ws/src/my_super_agv/install/my_super_agv/share/my_super_agv/hook/ament_prefix_path.sh'
[3.933s] INFO:colcon.colcon_core.shell:Skip shell extension 'powershell' for command environment: Not usable outside of PowerShell
[3.933s] DEBUG:colcon.colcon_core.shell:Skip shell extension 'dsv' for command environment
[4.929s] INFO:colcon.colcon_core.task.python.build:Building Python package in '/home/david/tesis/superdev_ws/src/my_super_agv'
[4.932s] INFO:colcon.colcon_core.shell:Skip shell extension 'powershell' for command environment: Not usable outside of PowerShell
[4.932s] DEBUG:colcon.colcon_core.shell:Skip shell extension 'dsv' for command environment
[6.568s] DEBUG:colcon.colcon_core.event_handler.log_command:Invoking command in '/home/david/tesis/superdev_ws/src/my_super_agv': PYTHONPATH=/home/david/tesis/superdev_ws/src/my_super_agv/build/my_super_agv/prefix_override:/home/david/tesis/superdev_ws/src/my_super_agv/install/my_super_agv/lib/python3.10/site-packages:${PYTHONPATH} /usr/bin/python3 -W ignore:setup.py install is deprecated setup.py egg_info --egg-base build/my_super_agv build --build-base /home/david/tesis/superdev_ws/src/my_super_agv/build/my_super_agv/build install --record /home/david/tesis/superdev_ws/src/my_super_agv/build/my_super_agv/install.log --single-version-externally-managed install_data
[7.269s] DEBUG:colcon.colcon_core.event_handler.log_command:Invoked command in '/home/david/tesis/superdev_ws/src/my_super_agv' returned '0': PYTHONPATH=/home/david/tesis/superdev_ws/src/my_super_agv/build/my_super_agv/prefix_override:/home/david/tesis/superdev_ws/src/my_super_agv/install/my_super_agv/lib/python3.10/site-packages:${PYTHONPATH} /usr/bin/python3 -W ignore:setup.py install is deprecated setup.py egg_info --egg-base build/my_super_agv build --build-base /home/david/tesis/superdev_ws/src/my_super_agv/build/my_super_agv/build install --record /home/david/tesis/superdev_ws/src/my_super_agv/build/my_super_agv/install.log --single-version-externally-managed install_data
[7.286s] Level 1:colcon.colcon_core.environment:checking '/home/david/tesis/superdev_ws/src/my_super_agv/install/my_super_agv' for CMake module files
[7.288s] Level 1:colcon.colcon_core.environment:checking '/home/david/tesis/superdev_ws/src/my_super_agv/install/my_super_agv' for CMake config files
[7.290s] Level 1:colcon.colcon_core.environment:checking '/home/david/tesis/superdev_ws/src/my_super_agv/install/my_super_agv/lib'
[7.291s] Level 1:colcon.colcon_core.environment:checking '/home/david/tesis/superdev_ws/src/my_super_agv/install/my_super_agv/bin'
[7.291s] Level 1:colcon.colcon_core.environment:checking '/home/david/tesis/superdev_ws/src/my_super_agv/install/my_super_agv/lib/pkgconfig/my_super_agv.pc'
[7.292s] Level 1:colcon.colcon_core.environment:checking '/home/david/tesis/superdev_ws/src/my_super_agv/install/my_super_agv/lib/python3.10/site-packages'
[7.292s] Level 1:colcon.colcon_core.shell:create_environment_hook('my_super_agv', 'pythonpath')
[7.292s] INFO:colcon.colcon_core.shell:Creating environment hook '/home/david/tesis/superdev_ws/src/my_super_agv/install/my_super_agv/share/my_super_agv/hook/pythonpath.ps1'
[7.293s] INFO:colcon.colcon_core.shell:Creating environment descriptor '/home/david/tesis/superdev_ws/src/my_super_agv/install/my_super_agv/share/my_super_agv/hook/pythonpath.dsv'
[7.294s] INFO:colcon.colcon_core.shell:Creating environment hook '/home/david/tesis/superdev_ws/src/my_super_agv/install/my_super_agv/share/my_super_agv/hook/pythonpath.sh'
[7.295s] Level 1:colcon.colcon_core.environment:checking '/home/david/tesis/superdev_ws/src/my_super_agv/install/my_super_agv/bin'
[7.296s] Level 1:colcon.colcon_core.environment:create_environment_scripts_only(my_super_agv)
[7.296s] INFO:colcon.colcon_core.shell:Creating package script '/home/david/tesis/superdev_ws/src/my_super_agv/install/my_super_agv/share/my_super_agv/package.ps1'
[7.300s] INFO:colcon.colcon_core.shell:Creating package descriptor '/home/david/tesis/superdev_ws/src/my_super_agv/install/my_super_agv/share/my_super_agv/package.dsv'
[7.305s] INFO:colcon.colcon_core.shell:Creating package script '/home/david/tesis/superdev_ws/src/my_super_agv/install/my_super_agv/share/my_super_agv/package.sh'
[7.307s] INFO:colcon.colcon_core.shell:Creating package script '/home/david/tesis/superdev_ws/src/my_super_agv/install/my_super_agv/share/my_super_agv/package.bash'
[7.310s] INFO:colcon.colcon_core.shell:Creating package script '/home/david/tesis/superdev_ws/src/my_super_agv/install/my_super_agv/share/my_super_agv/package.zsh'
[7.314s] Level 1:colcon.colcon_core.environment:create_file_with_runtime_dependencies(/home/david/tesis/superdev_ws/src/my_super_agv/install/my_super_agv/share/colcon-core/packages/my_super_agv)
[7.317s] DEBUG:colcon.colcon_parallel_executor.executor.parallel:closing loop
[7.318s] DEBUG:colcon.colcon_parallel_executor.executor.parallel:loop closed
[7.318s] DEBUG:colcon.colcon_parallel_executor.executor.parallel:run_until_complete finished with '0'
[7.318s] DEBUG:colcon.colcon_core.event_reactor:joining thread
[7.336s] INFO:colcon.colcon_core.plugin_system:Skipping extension 'colcon_notification.desktop_notification.terminal_notifier': Not used on non-Darwin systems
[7.336s] INFO:colcon.colcon_core.plugin_system:Skipping extension 'colcon_notification.desktop_notification.win32': Not used on non-Windows systems
[7.336s] INFO:colcon.colcon_notification.desktop_notification:Sending desktop notification using 'notify2'
[7.364s] DEBUG:colcon.colcon_core.event_reactor:joined thread
[7.365s] INFO:colcon.colcon_core.shell:Creating prefix script '/home/david/tesis/superdev_ws/src/my_super_agv/install/local_setup.ps1'
[7.369s] INFO:colcon.colcon_core.shell:Creating prefix util module '/home/david/tesis/superdev_ws/src/my_super_agv/install/_local_setup_util_ps1.py'
[7.373s] INFO:colcon.colcon_core.shell:Creating prefix chain script '/home/david/tesis/superdev_ws/src/my_super_agv/install/setup.ps1'
[7.376s] INFO:colcon.colcon_core.shell:Creating prefix script '/home/david/tesis/superdev_ws/src/my_super_agv/install/local_setup.sh'
[7.378s] INFO:colcon.colcon_core.shell:Creating prefix util module '/home/david/tesis/superdev_ws/src/my_super_agv/install/_local_setup_util_sh.py'
[7.380s] INFO:colcon.colcon_core.shell:Creating prefix chain script '/home/david/tesis/superdev_ws/src/my_super_agv/install/setup.sh'
[7.383s] INFO:colcon.colcon_core.shell:Creating prefix script '/home/david/tesis/superdev_ws/src/my_super_agv/install/local_setup.bash'
[7.386s] INFO:colcon.colcon_core.shell:Creating prefix chain script '/home/david/tesis/superdev_ws/src/my_super_agv/install/setup.bash'
[7.390s] INFO:colcon.colcon_core.shell:Creating prefix script '/home/david/tesis/superdev_ws/src/my_super_agv/install/local_setup.zsh'
[7.392s] INFO:colcon.colcon_core.shell:Creating prefix chain script '/home/david/tesis/superdev_ws/src/my_super_agv/install/setup.zsh'
